<?xml version="1.0" encoding="UTF-8"?>
<testsuite xmlns:xsi="http://www.w3.org/2001/XMLSchema-instance" xsi:noNamespaceSchemaLocation="https://maven.apache.org/surefire/maven-surefire-plugin/xsd/surefire-test-report-3.0.xsd" version="3.0" name="com.example.paymentservice.PaymentServiceContextTest" time="14.621" tests="1" errors="0" skipped="0" failures="0">
  <properties>
    <property name="java.specification.version" value="21"/>
    <property name="sun.jnu.encoding" value="UTF-8"/>
    <property name="java.class.path" value="/home/al/IdeaProjects/microservice/payment-service/target/test-classes:/home/al/IdeaProjects/microservice/payment-service/target/classes:/home/al/.m2/repository/com/example/common/0.0.1-SNAPSHOT/common-0.0.1-SNAPSHOT.jar:/home/al/.m2/repository/org/springframework/boot/spring-boot-starter-validation/3.2.5/spring-boot-starter-validation-3.2.5.jar:/home/al/.m2/repository/org/apache/tomcat/embed/tomcat-embed-el/10.1.20/tomcat-embed-el-10.1.20.jar:/home/al/.m2/repository/org/hibernate/validator/hibernate-validator/8.0.1.Final/hibernate-validator-8.0.1.Final.jar:/home/al/.m2/repository/jakarta/validation/jakarta.validation-api/3.0.2/jakarta.validation-api-3.0.2.jar:/home/al/.m2/repository/org/jboss/logging/jboss-logging/3.5.3.Final/jboss-logging-3.5.3.Final.jar:/home/al/.m2/repository/com/fasterxml/classmate/1.6.0/classmate-1.6.0.jar:/home/al/.m2/repository/org/springframework/boot/spring-boot-starter/3.2.5/spring-boot-starter-3.2.5.jar:/home/al/.m2/repository/org/springframework/boot/spring-boot/3.2.5/spring-boot-3.2.5.jar:/home/al/.m2/repository/org/springframework/boot/spring-boot-autoconfigure/3.2.5/spring-boot-autoconfigure-3.2.5.jar:/home/al/.m2/repository/org/springframework/boot/spring-boot-starter-logging/3.2.5/spring-boot-starter-logging-3.2.5.jar:/home/al/.m2/repository/ch/qos/logback/logback-classic/1.4.14/logback-classic-1.4.14.jar:/home/al/.m2/repository/ch/qos/logback/logback-core/1.4.14/logback-core-1.4.14.jar:/home/al/.m2/repository/org/apache/logging/log4j/log4j-to-slf4j/2.21.1/log4j-to-slf4j-2.21.1.jar:/home/al/.m2/repository/org/apache/logging/log4j/log4j-api/2.21.1/log4j-api-2.21.1.jar:/home/al/.m2/repository/org/slf4j/jul-to-slf4j/2.0.13/jul-to-slf4j-2.0.13.jar:/home/al/.m2/repository/jakarta/annotation/jakarta.annotation-api/2.1.1/jakarta.annotation-api-2.1.1.jar:/home/al/.m2/repository/org/springframework/spring-core/6.1.6/spring-core-6.1.6.jar:/home/al/.m2/repository/org/springframework/spring-jcl/6.1.6/spring-jcl-6.1.6.jar:/home/al/.m2/repository/org/yaml/snakeyaml/2.2/snakeyaml-2.2.jar:/home/al/.m2/repository/org/springframework/kafka/spring-kafka/3.1.4/spring-kafka-3.1.4.jar:/home/al/.m2/repository/org/springframework/spring-context/6.1.6/spring-context-6.1.6.jar:/home/al/.m2/repository/org/springframework/spring-aop/6.1.6/spring-aop-6.1.6.jar:/home/al/.m2/repository/org/springframework/spring-beans/6.1.6/spring-beans-6.1.6.jar:/home/al/.m2/repository/org/springframework/spring-expression/6.1.6/spring-expression-6.1.6.jar:/home/al/.m2/repository/org/springframework/spring-messaging/6.1.6/spring-messaging-6.1.6.jar:/home/al/.m2/repository/org/springframework/spring-tx/6.1.6/spring-tx-6.1.6.jar:/home/al/.m2/repository/org/springframework/retry/spring-retry/2.0.5/spring-retry-2.0.5.jar:/home/al/.m2/repository/io/micrometer/micrometer-observation/1.12.5/micrometer-observation-1.12.5.jar:/home/al/.m2/repository/io/micrometer/micrometer-commons/1.12.5/micrometer-commons-1.12.5.jar:/home/al/.m2/repository/com/google/code/findbugs/jsr305/3.0.2/jsr305-3.0.2.jar:/home/al/.m2/repository/org/projectlombok/lombok/1.18.32/lombok-1.18.32.jar:/home/al/.m2/repository/org/springframework/boot/spring-boot-starter-test/3.2.5/spring-boot-starter-test-3.2.5.jar:/home/al/.m2/repository/org/springframework/boot/spring-boot-test/3.2.5/spring-boot-test-3.2.5.jar:/home/al/.m2/repository/org/springframework/boot/spring-boot-test-autoconfigure/3.2.5/spring-boot-test-autoconfigure-3.2.5.jar:/home/al/.m2/repository/com/jayway/jsonpath/json-path/2.9.0/json-path-2.9.0.jar:/home/al/.m2/repository/jakarta/xml/bind/jakarta.xml.bind-api/4.0.2/jakarta.xml.bind-api-4.0.2.jar:/home/al/.m2/repository/jakarta/activation/jakarta.activation-api/2.1.3/jakarta.activation-api-2.1.3.jar:/home/al/.m2/repository/net/minidev/json-smart/2.5.1/json-smart-2.5.1.jar:/home/al/.m2/repository/net/minidev/accessors-smart/2.5.1/accessors-smart-2.5.1.jar:/home/al/.m2/repository/org/ow2/asm/asm/9.6/asm-9.6.jar:/home/al/.m2/repository/org/assertj/assertj-core/3.24.2/assertj-core-3.24.2.jar:/home/al/.m2/repository/net/bytebuddy/byte-buddy/1.14.13/byte-buddy-1.14.13.jar:/home/al/.m2/repository/org/awaitility/awaitility/4.2.1/awaitility-4.2.1.jar:/home/al/.m2/repository/org/hamcrest/hamcrest/2.2/hamcrest-2.2.jar:/home/al/.m2/repository/org/junit/jupiter/junit-jupiter/5.10.2/junit-jupiter-5.10.2.jar:/home/al/.m2/repository/org/junit/jupiter/junit-jupiter-api/5.10.2/junit-jupiter-api-5.10.2.jar:/home/al/.m2/repository/org/opentest4j/opentest4j/1.3.0/opentest4j-1.3.0.jar:/home/al/.m2/repository/org/junit/platform/junit-platform-commons/1.10.2/junit-platform-commons-1.10.2.jar:/home/al/.m2/repository/org/apiguardian/apiguardian-api/1.1.2/apiguardian-api-1.1.2.jar:/home/al/.m2/repository/org/junit/jupiter/junit-jupiter-params/5.10.2/junit-jupiter-params-5.10.2.jar:/home/al/.m2/repository/org/junit/jupiter/junit-jupiter-engine/5.10.2/junit-jupiter-engine-5.10.2.jar:/home/al/.m2/repository/org/junit/platform/junit-platform-engine/1.10.2/junit-platform-engine-1.10.2.jar:/home/al/.m2/repository/org/mockito/mockito-core/5.7.0/mockito-core-5.7.0.jar:/home/al/.m2/repository/net/bytebuddy/byte-buddy-agent/1.14.13/byte-buddy-agent-1.14.13.jar:/home/al/.m2/repository/org/objenesis/objenesis/3.3/objenesis-3.3.jar:/home/al/.m2/repository/org/mockito/mockito-junit-jupiter/5.7.0/mockito-junit-jupiter-5.7.0.jar:/home/al/.m2/repository/org/skyscreamer/jsonassert/1.5.1/jsonassert-1.5.1.jar:/home/al/.m2/repository/com/vaadin/external/google/android-json/0.0.20131108.vaadin1/android-json-0.0.20131108.vaadin1.jar:/home/al/.m2/repository/org/springframework/spring-test/6.1.6/spring-test-6.1.6.jar:/home/al/.m2/repository/org/xmlunit/xmlunit-core/2.9.1/xmlunit-core-2.9.1.jar:/home/al/.m2/repository/org/apache/kafka/kafka-clients/3.6.2/kafka-clients-3.6.2.jar:/home/al/.m2/repository/com/github/luben/zstd-jni/1.5.5-1/zstd-jni-1.5.5-1.jar:/home/al/.m2/repository/org/lz4/lz4-java/1.8.0/lz4-java-1.8.0.jar:/home/al/.m2/repository/org/xerial/snappy/snappy-java/1.1.10.5/snappy-java-1.1.10.5.jar:/home/al/.m2/repository/org/slf4j/slf4j-api/2.0.13/slf4j-api-2.0.13.jar:"/>
    <property name="java.vm.vendor" value="Arch Linux"/>
    <property name="sun.arch.data.model" value="64"/>
    <property name="java.vendor.url" value="https://openjdk.org/"/>
    <property name="user.timezone" value="Europe/Moscow"/>
    <property name="org.jboss.logging.provider" value="slf4j"/>
    <property name="os.name" value="Linux"/>
    <property name="java.vm.specification.version" value="21"/>
    <property name="sun.java.launcher" value="SUN_STANDARD"/>
    <property name="user.country" value="RU"/>
    <property name="sun.boot.library.path" value="/usr/lib/jvm/java-21-openjdk/lib"/>
    <property name="sun.java.command" value="/home/al/IdeaProjects/microservice/payment-service/target/surefire/surefirebooter-20251031110048940_3.jar /home/al/IdeaProjects/microservice/payment-service/target/surefire 2025-10-31T11-00-48_709-jvmRun1 surefire-20251031110048940_1tmp surefire_0-20251031110048940_2tmp"/>
    <property name="jdk.debug" value="release"/>
    <property name="surefire.test.class.path" value="/home/al/IdeaProjects/microservice/payment-service/target/test-classes:/home/al/IdeaProjects/microservice/payment-service/target/classes:/home/al/.m2/repository/com/example/common/0.0.1-SNAPSHOT/common-0.0.1-SNAPSHOT.jar:/home/al/.m2/repository/org/springframework/boot/spring-boot-starter-validation/3.2.5/spring-boot-starter-validation-3.2.5.jar:/home/al/.m2/repository/org/apache/tomcat/embed/tomcat-embed-el/10.1.20/tomcat-embed-el-10.1.20.jar:/home/al/.m2/repository/org/hibernate/validator/hibernate-validator/8.0.1.Final/hibernate-validator-8.0.1.Final.jar:/home/al/.m2/repository/jakarta/validation/jakarta.validation-api/3.0.2/jakarta.validation-api-3.0.2.jar:/home/al/.m2/repository/org/jboss/logging/jboss-logging/3.5.3.Final/jboss-logging-3.5.3.Final.jar:/home/al/.m2/repository/com/fasterxml/classmate/1.6.0/classmate-1.6.0.jar:/home/al/.m2/repository/org/springframework/boot/spring-boot-starter/3.2.5/spring-boot-starter-3.2.5.jar:/home/al/.m2/repository/org/springframework/boot/spring-boot/3.2.5/spring-boot-3.2.5.jar:/home/al/.m2/repository/org/springframework/boot/spring-boot-autoconfigure/3.2.5/spring-boot-autoconfigure-3.2.5.jar:/home/al/.m2/repository/org/springframework/boot/spring-boot-starter-logging/3.2.5/spring-boot-starter-logging-3.2.5.jar:/home/al/.m2/repository/ch/qos/logback/logback-classic/1.4.14/logback-classic-1.4.14.jar:/home/al/.m2/repository/ch/qos/logback/logback-core/1.4.14/logback-core-1.4.14.jar:/home/al/.m2/repository/org/apache/logging/log4j/log4j-to-slf4j/2.21.1/log4j-to-slf4j-2.21.1.jar:/home/al/.m2/repository/org/apache/logging/log4j/log4j-api/2.21.1/log4j-api-2.21.1.jar:/home/al/.m2/repository/org/slf4j/jul-to-slf4j/2.0.13/jul-to-slf4j-2.0.13.jar:/home/al/.m2/repository/jakarta/annotation/jakarta.annotation-api/2.1.1/jakarta.annotation-api-2.1.1.jar:/home/al/.m2/repository/org/springframework/spring-core/6.1.6/spring-core-6.1.6.jar:/home/al/.m2/repository/org/springframework/spring-jcl/6.1.6/spring-jcl-6.1.6.jar:/home/al/.m2/repository/org/yaml/snakeyaml/2.2/snakeyaml-2.2.jar:/home/al/.m2/repository/org/springframework/kafka/spring-kafka/3.1.4/spring-kafka-3.1.4.jar:/home/al/.m2/repository/org/springframework/spring-context/6.1.6/spring-context-6.1.6.jar:/home/al/.m2/repository/org/springframework/spring-aop/6.1.6/spring-aop-6.1.6.jar:/home/al/.m2/repository/org/springframework/spring-beans/6.1.6/spring-beans-6.1.6.jar:/home/al/.m2/repository/org/springframework/spring-expression/6.1.6/spring-expression-6.1.6.jar:/home/al/.m2/repository/org/springframework/spring-messaging/6.1.6/spring-messaging-6.1.6.jar:/home/al/.m2/repository/org/springframework/spring-tx/6.1.6/spring-tx-6.1.6.jar:/home/al/.m2/repository/org/springframework/retry/spring-retry/2.0.5/spring-retry-2.0.5.jar:/home/al/.m2/repository/io/micrometer/micrometer-observation/1.12.5/micrometer-observation-1.12.5.jar:/home/al/.m2/repository/io/micrometer/micrometer-commons/1.12.5/micrometer-commons-1.12.5.jar:/home/al/.m2/repository/com/google/code/findbugs/jsr305/3.0.2/jsr305-3.0.2.jar:/home/al/.m2/repository/org/projectlombok/lombok/1.18.32/lombok-1.18.32.jar:/home/al/.m2/repository/org/springframework/boot/spring-boot-starter-test/3.2.5/spring-boot-starter-test-3.2.5.jar:/home/al/.m2/repository/org/springframework/boot/spring-boot-test/3.2.5/spring-boot-test-3.2.5.jar:/home/al/.m2/repository/org/springframework/boot/spring-boot-test-autoconfigure/3.2.5/spring-boot-test-autoconfigure-3.2.5.jar:/home/al/.m2/repository/com/jayway/jsonpath/json-path/2.9.0/json-path-2.9.0.jar:/home/al/.m2/repository/jakarta/xml/bind/jakarta.xml.bind-api/4.0.2/jakarta.xml.bind-api-4.0.2.jar:/home/al/.m2/repository/jakarta/activation/jakarta.activation-api/2.1.3/jakarta.activation-api-2.1.3.jar:/home/al/.m2/repository/net/minidev/json-smart/2.5.1/json-smart-2.5.1.jar:/home/al/.m2/repository/net/minidev/accessors-smart/2.5.1/accessors-smart-2.5.1.jar:/home/al/.m2/repository/org/ow2/asm/asm/9.6/asm-9.6.jar:/home/al/.m2/repository/org/assertj/assertj-core/3.24.2/assertj-core-3.24.2.jar:/home/al/.m2/repository/net/bytebuddy/byte-buddy/1.14.13/byte-buddy-1.14.13.jar:/home/al/.m2/repository/org/awaitility/awaitility/4.2.1/awaitility-4.2.1.jar:/home/al/.m2/repository/org/hamcrest/hamcrest/2.2/hamcrest-2.2.jar:/home/al/.m2/repository/org/junit/jupiter/junit-jupiter/5.10.2/junit-jupiter-5.10.2.jar:/home/al/.m2/repository/org/junit/jupiter/junit-jupiter-api/5.10.2/junit-jupiter-api-5.10.2.jar:/home/al/.m2/repository/org/opentest4j/opentest4j/1.3.0/opentest4j-1.3.0.jar:/home/al/.m2/repository/org/junit/platform/junit-platform-commons/1.10.2/junit-platform-commons-1.10.2.jar:/home/al/.m2/repository/org/apiguardian/apiguardian-api/1.1.2/apiguardian-api-1.1.2.jar:/home/al/.m2/repository/org/junit/jupiter/junit-jupiter-params/5.10.2/junit-jupiter-params-5.10.2.jar:/home/al/.m2/repository/org/junit/jupiter/junit-jupiter-engine/5.10.2/junit-jupiter-engine-5.10.2.jar:/home/al/.m2/repository/org/junit/platform/junit-platform-engine/1.10.2/junit-platform-engine-1.10.2.jar:/home/al/.m2/repository/org/mockito/mockito-core/5.7.0/mockito-core-5.7.0.jar:/home/al/.m2/repository/net/bytebuddy/byte-buddy-agent/1.14.13/byte-buddy-agent-1.14.13.jar:/home/al/.m2/repository/org/objenesis/objenesis/3.3/objenesis-3.3.jar:/home/al/.m2/repository/org/mockito/mockito-junit-jupiter/5.7.0/mockito-junit-jupiter-5.7.0.jar:/home/al/.m2/repository/org/skyscreamer/jsonassert/1.5.1/jsonassert-1.5.1.jar:/home/al/.m2/repository/com/vaadin/external/google/android-json/0.0.20131108.vaadin1/android-json-0.0.20131108.vaadin1.jar:/home/al/.m2/repository/org/springframework/spring-test/6.1.6/spring-test-6.1.6.jar:/home/al/.m2/repository/org/xmlunit/xmlunit-core/2.9.1/xmlunit-core-2.9.1.jar:/home/al/.m2/repository/org/apache/kafka/kafka-clients/3.6.2/kafka-clients-3.6.2.jar:/home/al/.m2/repository/com/github/luben/zstd-jni/1.5.5-1/zstd-jni-1.5.5-1.jar:/home/al/.m2/repository/org/lz4/lz4-java/1.8.0/lz4-java-1.8.0.jar:/home/al/.m2/repository/org/xerial/snappy/snappy-java/1.1.10.5/snappy-java-1.1.10.5.jar:/home/al/.m2/repository/org/slf4j/slf4j-api/2.0.13/slf4j-api-2.0.13.jar:"/>
    <property name="sun.cpu.endian" value="little"/>
    <property name="user.home" value="/home/al"/>
    <property name="user.language" value="ru"/>
    <property name="java.specification.vendor" value="Oracle Corporation"/>
    <property name="java.version.date" value="2025-07-15"/>
    <property name="java.home" value="/usr/lib/jvm/java-21-openjdk"/>
    <property name="file.separator" value="/"/>
    <property name="basedir" value="/home/al/IdeaProjects/microservice/payment-service"/>
    <property name="java.vm.compressedOopsMode" value="32-bit"/>
    <property name="line.separator" value="&#10;"/>
    <property name="java.vm.specification.vendor" value="Oracle Corporation"/>
    <property name="java.specification.name" value="Java Platform API Specification"/>
    <property name="FILE_LOG_CHARSET" value="UTF-8"/>
    <property name="java.awt.headless" value="true"/>
    <property name="surefire.real.class.path" value="/home/al/IdeaProjects/microservice/payment-service/target/surefire/surefirebooter-20251031110048940_3.jar"/>
    <property name="sun.management.compiler" value="HotSpot 64-Bit Tiered Compilers"/>
    <property name="java.runtime.version" value="21.0.8+9"/>
    <property name="user.name" value="al"/>
    <property name="stdout.encoding" value="UTF-8"/>
    <property name="path.separator" value=":"/>
    <property name="os.version" value="6.17.5-2-cachyos"/>
    <property name="java.runtime.name" value="OpenJDK Runtime Environment"/>
    <property name="file.encoding" value="UTF-8"/>
    <property name="java.vm.name" value="OpenJDK 64-Bit Server VM"/>
    <property name="localRepository" value="/home/al/.m2/repository"/>
    <property name="java.vendor.url.bug" value="https://bugreport.java.com/bugreport/"/>
    <property name="java.io.tmpdir" value="/tmp"/>
    <property name="java.version" value="21.0.8"/>
    <property name="user.dir" value="/home/al/IdeaProjects/microservice/payment-service"/>
    <property name="os.arch" value="amd64"/>
    <property name="java.vm.specification.name" value="Java Virtual Machine Specification"/>
    <property name="PID" value="45850"/>
    <property name="CONSOLE_LOG_CHARSET" value="UTF-8"/>
    <property name="native.encoding" value="UTF-8"/>
    <property name="java.library.path" value="/usr/java/packages/lib:/usr/lib64:/lib64:/lib:/usr/lib"/>
    <property name="java.vm.info" value="mixed mode, sharing"/>
    <property name="stderr.encoding" value="UTF-8"/>
    <property name="java.vendor" value="Arch Linux"/>
    <property name="java.vm.version" value="21.0.8+9"/>
    <property name="sun.io.unicode.encoding" value="UnicodeLittle"/>
    <property name="java.class.version" value="65.0"/>
  </properties>
  <testcase name="contextLoads" classname="com.example.paymentservice.PaymentServiceContextTest" time="11.579">
    <system-out><![CDATA[11:00:50.464 [main] INFO org.springframework.test.context.support.AnnotationConfigContextLoaderUtils -- Could not detect default configuration classes for test class [com.example.paymentservice.PaymentServiceContextTest]: PaymentServiceContextTest does not declare any static, non-private, non-final, nested classes annotated with @Configuration.
11:00:50.667 [main] INFO org.springframework.boot.test.context.SpringBootTestContextBootstrapper -- Found @SpringBootConfiguration com.example.paymentservice.PaymentServiceApplication for test class com.example.paymentservice.PaymentServiceContextTest

  .   ____          _            __ _ _
 /\\ / ___'_ __ _ _(_)_ __  __ _ \ \ \ \
( ( )\___ | '_ | '_| | '_ \/ _` | \ \ \ \
 \\/  ___)| |_)| | | | | || (_| |  ) ) ) )
  '  |____| .__|_| |_|_| |_\__, | / / / /
 =========|_|==============|___/=/_/_/_/
 :: Spring Boot ::                (v3.2.5)

2025-10-31T11:00:51.480+03:00  INFO 45850 --- [           main] c.e.p.PaymentServiceContextTest          : Starting PaymentServiceContextTest using Java 21.0.8 with PID 45850 (started by al in /home/al/IdeaProjects/microservice/payment-service)
2025-10-31T11:00:51.483+03:00  INFO 45850 --- [           main] c.e.p.PaymentServiceContextTest          : No active profile set, falling back to 1 default profile: "default"
2025-10-31T11:00:53.113+03:00  INFO 45850 --- [           main] c.e.p.PaymentServiceContextTest          : Started PaymentServiceContextTest in 2.167 seconds (process running for 4.027)
]]></system-out>
  </testcase>
</testsuite>